# JRE version: OpenJDK Runtime Environment JBR-17.0.12+1-1207.37-nomod (17.0.12+1) (build 17.0.12+1-b1207.37)
# Java VM: OpenJDK 64-Bit Server VM JBR-17.0.12+1-1207.37-nomod (17.0.12+1-b1207.37, mixed mode, sharing, tiered, compressed oops, compressed class ptrs, g1 gc, windows-amd64)
GC Precious Log:
 CPUs: 12 total, 12 available
 Memory: 16108M
 Large Page Support: Disabled
 NUMA Support: Disabled
 Compressed Oops: Enabled (32-bit)
 Heap Region Size: 1M
 Heap Min Capacity: 8M
 Heap Initial Capacity: 252M
 Heap Max Capacity: 2G
 Pre-touch: Disabled
 Parallel Workers: 10
 Concurrent Workers: 3
 Concurrent Refinement Workers: 10
 Periodic GC: Disabled
Heap:
 garbage-first heap   total 295936K, used 196208K [0x0000000080000000, 0x0000000100000000)
  region size 1024K, 27 young (27648K), 9 survivors (9216K)
 Metaspace       used 104159K, committed 105344K, reserved 1179648K
  class space    used 14786K, committed 15360K, reserved 1048576K
GC Heap History (20 events):
Event: 12.127 GC heap before
{Heap before GC invocations=23 (full 0):
 garbage-first heap   total 184320K, used 136366K [0x0000000080000000, 0x0000000100000000)
  region size 1024K, 44 young (45056K), 1 survivors (1024K)
 Metaspace       used 81523K, committed 82240K, reserved 1179648K
  class space    used 11611K, committed 11968K, reserved 1048576K
}
Event: 12.130 GC heap after
{Heap after GC invocations=24 (full 0):
 garbage-first heap   total 184320K, used 95302K [0x0000000080000000, 0x0000000100000000)
  region size 1024K, 4 young (4096K), 4 survivors (4096K)
 Metaspace       used 81523K, committed 82240K, reserved 1179648K
  class space    used 11611K, committed 11968K, reserved 1048576K
}
Event: 12.543 GC heap before
{Heap before GC invocations=25 (full 0):
 garbage-first heap   total 184320K, used 136262K [0x0000000080000000, 0x0000000100000000)
  region size 1024K, 48 young (49152K), 4 survivors (4096K)
 Metaspace       used 83483K, committed 84224K, reserved 1179648K
  class space    used 11884K, committed 12224K, reserved 1048576K
}
Event: 12.549 GC heap after
{Heap after GC invocations=26 (full 0):
 garbage-first heap   total 184320K, used 96784K [0x0000000080000000, 0x0000000100000000)
  region size 1024K, 6 young (6144K), 6 survivors (6144K)
 Metaspace       used 83483K, committed 84224K, reserved 1179648K
  class space    used 11884K, committed 12224K, reserved 1048576K
}
Event: 12.577 GC heap before
{Heap before GC invocations=26 (full 0):
 garbage-first heap   total 184320K, used 99856K [0x0000000080000000, 0x0000000100000000)
  region size 1024K, 9 young (9216K), 6 survivors (6144K)
 Metaspace       used 83719K, committed 84480K, reserved 1179648K
  class space    used 11909K, committed 12288K, reserved 1048576K
}
Event: 12.583 GC heap after
{Heap after GC invocations=27 (full 0):
 garbage-first heap   total 184320K, used 96602K [0x0000000080000000, 0x0000000100000000)
  region size 1024K, 2 young (2048K), 2 survivors (2048K)
 Metaspace       used 83719K, committed 84480K, reserved 1179648K
  class space    used 11909K, committed 12288K, reserved 1048576K
}
Event: 13.094 GC heap before
{Heap before GC invocations=27 (full 0):
 garbage-first heap   total 184320K, used 141658K [0x0000000080000000, 0x0000000100000000)
  region size 1024K, 46 young (47104K), 2 survivors (2048K)
 Metaspace       used 88222K, committed 88896K, reserved 1179648K
  class space    used 12725K, committed 13056K, reserved 1048576K
}
Event: 13.098 GC heap after
{Heap after GC invocations=28 (full 0):
 garbage-first heap   total 295936K, used 97749K [0x0000000080000000, 0x0000000100000000)
  region size 1024K, 3 young (3072K), 3 survivors (3072K)
 Metaspace       used 88222K, committed 88896K, reserved 1179648K
  class space    used 12725K, committed 13056K, reserved 1048576K
}
Event: 14.896 GC heap before
{Heap before GC invocations=28 (full 0):
 garbage-first heap   total 295936K, used 210389K [0x0000000080000000, 0x0000000100000000)
  region size 1024K, 113 young (115712K), 3 survivors (3072K)
 Metaspace       used 92810K, committed 93632K, reserved 1179648K
  class space    used 13417K, committed 13824K, reserved 1048576K
}
Event: 14.906 GC heap after
{Heap after GC invocations=29 (full 0):
 garbage-first heap   total 295936K, used 109267K [0x0000000080000000, 0x0000000100000000)
  region size 1024K, 14 young (14336K), 14 survivors (14336K)
 Metaspace       used 92810K, committed 93632K, reserved 1179648K
  class space    used 13417K, committed 13824K, reserved 1048576K
}
Event: 16.055 GC heap before
{Heap before GC invocations=29 (full 0):
 garbage-first heap   total 295936K, used 219859K [0x0000000080000000, 0x0000000100000000)
  region size 1024K, 122 young (124928K), 14 survivors (14336K)
 Metaspace       used 93871K, committed 94720K, reserved 1179648K
  class space    used 13490K, committed 13952K, reserved 1048576K
}
Event: 16.072 GC heap after
{Heap after GC invocations=30 (full 0):
 garbage-first heap   total 295936K, used 125236K [0x0000000080000000, 0x0000000100000000)
  region size 1024K, 16 young (16384K), 16 survivors (16384K)
 Metaspace       used 93871K, committed 94720K, reserved 1179648K
  class space    used 13490K, committed 13952K, reserved 1048576K
}
Event: 17.381 GC heap before
{Heap before GC invocations=30 (full 0):
 garbage-first heap   total 295936K, used 223540K [0x0000000080000000, 0x0000000100000000)
  region size 1024K, 112 young (114688K), 16 survivors (16384K)
 Metaspace       used 95538K, committed 96448K, reserved 1179648K
  class space    used 13681K, committed 14144K, reserved 1048576K
}
Event: 17.401 GC heap after
{Heap after GC invocations=31 (full 0):
 garbage-first heap   total 295936K, used 139264K [0x0000000080000000, 0x0000000100000000)
  region size 1024K, 14 young (14336K), 14 survivors (14336K)
 Metaspace       used 95538K, committed 96448K, reserved 1179648K
  class space    used 13681K, committed 14144K, reserved 1048576K
}
Event: 18.530 GC heap before
{Heap before GC invocations=31 (full 0):
 garbage-first heap   total 295936K, used 228352K [0x0000000080000000, 0x0000000100000000)
  region size 1024K, 101 young (103424K), 14 survivors (14336K)
 Metaspace       used 101856K, committed 102848K, reserved 1179648K
  class space    used 14537K, committed 15040K, reserved 1048576K
}
Event: 18.550 GC heap after
{Heap after GC invocations=32 (full 0):
 garbage-first heap   total 295936K, used 151830K [0x0000000080000000, 0x0000000100000000)
  region size 1024K, 13 young (13312K), 13 survivors (13312K)
 Metaspace       used 101856K, committed 102848K, reserved 1179648K
  class space    used 14537K, committed 15040K, reserved 1048576K
}
Event: 19.552 GC heap before
{Heap before GC invocations=32 (full 0):
 garbage-first heap   total 295936K, used 230678K [0x0000000080000000, 0x0000000100000000)
  region size 1024K, 90 young (92160K), 13 survivors (13312K)
 Metaspace       used 103291K, committed 104384K, reserved 1179648K
  class space    used 14715K, committed 15232K, reserved 1048576K
}
Event: 19.569 GC heap after
{Heap after GC invocations=33 (full 0):
 garbage-first heap   total 295936K, used 168762K [0x0000000080000000, 0x0000000100000000)
  region size 1024K, 12 young (12288K), 12 survivors (12288K)
 Metaspace       used 103291K, committed 104384K, reserved 1179648K
  class space    used 14715K, committed 15232K, reserved 1048576K
}
Event: 20.800 GC heap before
{Heap before GC invocations=33 (full 0):
 garbage-first heap   total 295936K, used 233274K [0x0000000080000000, 0x0000000100000000)
  region size 1024K, 75 young (76800K), 12 survivors (12288K)
 Metaspace       used 103871K, committed 104960K, reserved 1179648K
  class space    used 14747K, committed 15296K, reserved 1048576K
}
Event: 20.818 GC heap after
{Heap after GC invocations=34 (full 0):
 garbage-first heap   total 295936K, used 178800K [0x0000000080000000, 0x0000000100000000)
  region size 1024K, 9 young (9216K), 9 survivors (9216K)
 Metaspace       used 103871K, committed 104960K, reserved 1179648K
  class space    used 14747K, committed 15296K, reserved 1048576K
}

