# JRE version: OpenJDK Runtime Environment JBR-17.0.12+1-1207.37-nomod (17.0.12+1) (build 17.0.12+1-b1207.37)
# Java VM: OpenJDK 64-Bit Server VM JBR-17.0.12+1-1207.37-nomod (17.0.12+1-b1207.37, mixed mode, sharing, tiered, compressed oops, compressed class ptrs, g1 gc, windows-amd64)
GC Precious Log:
 CPUs: 12 total, 12 available
 Memory: 16108M
 Large Page Support: Disabled
 NUMA Support: Disabled
 Compressed Oops: Enabled (Zero based)
 Heap Region Size: 2M
 Heap Min Capacity: 8M
 Heap Initial Capacity: 252M
 Heap Max Capacity: 4028M
 Pre-touch: Disabled
 Parallel Workers: 10
 Concurrent Workers: 3
 Concurrent Refinement Workers: 10
 Periodic GC: Disabled
Heap:
 garbage-first heap   total 102400K, used 76072K [0x0000000704400000, 0x0000000800000000)
  region size 2048K, 20 young (40960K), 3 survivors (6144K)
 Metaspace       used 58347K, committed 58560K, reserved 1114112K
  class space    used 6939K, committed 7040K, reserved 1048576K
GC Heap History (20 events):
Event: 1.239 GC heap after
{Heap after GC invocations=2 (full 0):
 garbage-first heap   total 258048K, used 10230K [0x0000000704400000, 0x0000000800000000)
  region size 2048K, 2 young (4096K), 2 survivors (4096K)
 Metaspace       used 17277K, committed 17600K, reserved 1114112K
  class space    used 2360K, committed 2496K, reserved 1048576K
}
Event: 1.589 GC heap before
{Heap before GC invocations=2 (full 0):
 garbage-first heap   total 258048K, used 34806K [0x0000000704400000, 0x0000000800000000)
  region size 2048K, 14 young (28672K), 2 survivors (4096K)
 Metaspace       used 21314K, committed 21504K, reserved 1114112K
  class space    used 3034K, committed 3136K, reserved 1048576K
}
Event: 1.594 GC heap after
{Heap after GC invocations=3 (full 0):
 garbage-first heap   total 258048K, used 16449K [0x0000000704400000, 0x0000000800000000)
  region size 2048K, 4 young (8192K), 4 survivors (8192K)
 Metaspace       used 21314K, committed 21504K, reserved 1114112K
  class space    used 3034K, committed 3136K, reserved 1048576K
}
Event: 2.063 GC heap before
{Heap before GC invocations=4 (full 0):
 garbage-first heap   total 69632K, used 49217K [0x0000000704400000, 0x0000000800000000)
  region size 2048K, 20 young (40960K), 4 survivors (8192K)
 Metaspace       used 27461K, committed 27712K, reserved 1114112K
  class space    used 3655K, committed 3776K, reserved 1048576K
}
Event: 2.069 GC heap after
{Heap after GC invocations=5 (full 0):
 garbage-first heap   total 69632K, used 18009K [0x0000000704400000, 0x0000000800000000)
  region size 2048K, 2 young (4096K), 2 survivors (4096K)
 Metaspace       used 27461K, committed 27712K, reserved 1114112K
  class space    used 3655K, committed 3776K, reserved 1048576K
}
Event: 2.557 GC heap before
{Heap before GC invocations=5 (full 0):
 garbage-first heap   total 69632K, used 48729K [0x0000000704400000, 0x0000000800000000)
  region size 2048K, 16 young (32768K), 2 survivors (4096K)
 Metaspace       used 33773K, committed 33984K, reserved 1114112K
  class space    used 4341K, committed 4480K, reserved 1048576K
}
Event: 2.563 GC heap after
{Heap after GC invocations=6 (full 0):
 garbage-first heap   total 69632K, used 23177K [0x0000000704400000, 0x0000000800000000)
  region size 2048K, 2 young (4096K), 2 survivors (4096K)
 Metaspace       used 33773K, committed 33984K, reserved 1114112K
  class space    used 4341K, committed 4480K, reserved 1048576K
}
Event: 2.694 GC heap before
{Heap before GC invocations=6 (full 0):
 garbage-first heap   total 69632K, used 29321K [0x0000000704400000, 0x0000000800000000)
  region size 2048K, 6 young (12288K), 2 survivors (4096K)
 Metaspace       used 35751K, committed 35968K, reserved 1114112K
  class space    used 4602K, committed 4736K, reserved 1048576K
}
Event: 2.701 GC heap after
{Heap after GC invocations=7 (full 0):
 garbage-first heap   total 69632K, used 23857K [0x0000000704400000, 0x0000000800000000)
  region size 2048K, 1 young (2048K), 1 survivors (2048K)
 Metaspace       used 35751K, committed 35968K, reserved 1114112K
  class space    used 4602K, committed 4736K, reserved 1048576K
}
Event: 3.145 GC heap before
{Heap before GC invocations=8 (full 0):
 garbage-first heap   total 69632K, used 46385K [0x0000000704400000, 0x0000000800000000)
  region size 2048K, 13 young (26624K), 1 survivors (2048K)
 Metaspace       used 39333K, committed 39616K, reserved 1114112K
  class space    used 5058K, committed 5184K, reserved 1048576K
}
Event: 3.153 GC heap after
{Heap after GC invocations=9 (full 0):
 garbage-first heap   total 83968K, used 27227K [0x0000000704400000, 0x0000000800000000)
  region size 2048K, 2 young (4096K), 2 survivors (4096K)
 Metaspace       used 39333K, committed 39616K, reserved 1114112K
  class space    used 5058K, committed 5184K, reserved 1048576K
}
Event: 3.478 GC heap before
{Heap before GC invocations=9 (full 0):
 garbage-first heap   total 83968K, used 57947K [0x0000000704400000, 0x0000000800000000)
  region size 2048K, 18 young (36864K), 2 survivors (4096K)
 Metaspace       used 41431K, committed 41664K, reserved 1114112K
  class space    used 5301K, committed 5440K, reserved 1048576K
}
Event: 3.487 GC heap after
{Heap after GC invocations=10 (full 0):
 garbage-first heap   total 83968K, used 29349K [0x0000000704400000, 0x0000000800000000)
  region size 2048K, 1 young (2048K), 1 survivors (2048K)
 Metaspace       used 41431K, committed 41664K, reserved 1114112K
  class space    used 5301K, committed 5440K, reserved 1048576K
}
Event: 4.160 GC heap before
{Heap before GC invocations=10 (full 0):
 garbage-first heap   total 83968K, used 60069K [0x0000000704400000, 0x0000000800000000)
  region size 2048K, 16 young (32768K), 1 survivors (2048K)
 Metaspace       used 45343K, committed 45632K, reserved 1114112K
  class space    used 5741K, committed 5888K, reserved 1048576K
}
Event: 4.168 GC heap after
{Heap after GC invocations=11 (full 0):
 garbage-first heap   total 83968K, used 32958K [0x0000000704400000, 0x0000000800000000)
  region size 2048K, 2 young (4096K), 2 survivors (4096K)
 Metaspace       used 45343K, committed 45632K, reserved 1114112K
  class space    used 5741K, committed 5888K, reserved 1048576K
}
Event: 4.912 GC heap before
{Heap before GC invocations=11 (full 0):
 garbage-first heap   total 83968K, used 61630K [0x0000000704400000, 0x0000000800000000)
  region size 2048K, 16 young (32768K), 2 survivors (4096K)
 Metaspace       used 47272K, committed 47552K, reserved 1114112K
  class space    used 5850K, committed 5952K, reserved 1048576K
}
Event: 4.926 GC heap after
{Heap after GC invocations=12 (full 0):
 garbage-first heap   total 83968K, used 37943K [0x0000000704400000, 0x0000000800000000)
  region size 2048K, 2 young (4096K), 2 survivors (4096K)
 Metaspace       used 47272K, committed 47552K, reserved 1114112K
  class space    used 5850K, committed 5952K, reserved 1048576K
}
Event: 5.516 GC heap before
{Heap before GC invocations=12 (full 0):
 garbage-first heap   total 83968K, used 60471K [0x0000000704400000, 0x0000000800000000)
  region size 2048K, 14 young (28672K), 2 survivors (4096K)
 Metaspace       used 50964K, committed 51264K, reserved 1114112K
  class space    used 6209K, committed 6336K, reserved 1048576K
}
Event: 5.527 GC heap after
{Heap after GC invocations=13 (full 0):
 garbage-first heap   total 102400K, used 41256K [0x0000000704400000, 0x0000000800000000)
  region size 2048K, 2 young (4096K), 2 survivors (4096K)
 Metaspace       used 50964K, committed 51264K, reserved 1114112K
  class space    used 6209K, committed 6336K, reserved 1048576K
}
Event: 6.120 GC heap before
{Heap before GC invocations=13 (full 0):
 garbage-first heap   total 102400K, used 76072K [0x0000000704400000, 0x0000000800000000)
  region size 2048K, 19 young (38912K), 2 survivors (4096K)
 Metaspace       used 58347K, committed 58560K, reserved 1114112K
  class space    used 6939K, committed 7040K, reserved 1048576K
}

